<?xml version="1.0" encoding="UTF-8"?>
<!-- Generated by org.testng.reporters.JUnitReportReporter -->
<testsuite skipped="0" hostname="Sarthak" name="com.petco.scripts.PetcoTestNG" tests="1" failures="0" timestamp="03 Apr 2020 11:53:57 GMT" time="35.736" errors="0">
  <testcase name="automatePetco" time="35.736" classname="com.petco.scripts.PetcoTestNG"/>
</testsuite> <!-- com.petco.scripts.PetcoTestNG -->
